<?xml version="1.0" encoding="UTF-8"?>
<!-- Generated by org.testng.reporters.JUnitXMLReporter -->
<testsuite ignored="0" hostname="DESKTOP-B590JJL" failures="0" tests="10" name="Default test" time="16.72" errors="0" timestamp="2023-10-13T12:58:32 IST">
  <testcase classname="api.test.DDUserTest" name="testPostUser" time="3.283"/>
  <testcase classname="api.test.DDUserTest" name="testPostUser" time="1.35"/>
  <testcase classname="api.test.DDUserTest" name="testPostUser" time="1.308"/>
  <testcase classname="api.test.DDUserTest" name="testPostUser" time="1.4"/>
  <testcase classname="api.test.DDUserTest" name="testPostUser" time="1.33"/>
  <testcase classname="api.test.DDUserTest" name="testDeleteUser" time="1.312"/>
  <testcase classname="api.test.DDUserTest" name="testDeleteUser" time="1.376"/>
  <testcase classname="api.test.DDUserTest" name="testDeleteUser" time="1.315"/>
  <testcase classname="api.test.DDUserTest" name="testDeleteUser" time="1.339"/>
  <testcase classname="api.test.DDUserTest" name="testDeleteUser" time="1.438"/>
</testsuite> <!-- Default test -->
