<?xml version="1.0" encoding="UTF-8"?>
<!-- Generated by org.testng.reporters.JUnitXMLReporter -->
<testsuite ignored="0" hostname="DESKTOP-B590JJL" failures="0" tests="4" name="Test" time="7.395" errors="0" timestamp="2023-10-18T13:17:43 IST">
  <testcase classname="api.test.UserTest2" name="testPostUser" time="2.939"/>
  <testcase classname="api.test.UserTest2" name="testGetUser" time="1.395"/>
  <testcase classname="api.test.UserTest2" name="testUpdateUser" time="1.361"/>
  <testcase classname="api.test.UserTest2" name="testDaleteUser" time="1.3"/>
</testsuite> <!-- Test -->
