<?xml version="1.0" encoding="UTF-8"?>
<!-- Generated by org.testng.reporters.JUnitXMLReporter -->
<testsuite ignored="0" hostname="DESKTOP-B590JJL" failures="0" tests="4" name="Test" time="7.63" errors="0" timestamp="2023-10-19T13:50:03 IST">
  <testcase classname="api.test.UserTest2" name="testPostUser" time="3.275"/>
  <testcase classname="api.test.UserTest2" name="testGetUser" time="1.303"/>
  <testcase classname="api.test.UserTest2" name="testUpdateUser" time="1.296"/>
  <testcase classname="api.test.UserTest2" name="testDaleteUser" time="1.341"/>
</testsuite> <!-- Test -->
