<?xml version="1.0" encoding="UTF-8"?>
<testng-results ignored="0" total="4" passed="4" failed="0" skipped="0">
  <reporter-output>
  </reporter-output>
  <suite started-at="2023-10-19T13:49:56 IST" name="Suite" finished-at="2023-10-19T13:50:03 IST" duration-ms="7630">
    <groups>
    </groups>
    <test started-at="2023-10-19T13:49:56 IST" name="Test" finished-at="2023-10-19T13:50:03 IST" duration-ms="7630">
      <class name="api.test.UserTest2">
        <test-method is-config="true" signature="setupData()[pri:0, instance:api.test.UserTest2@4ac3c60d]" started-at="2023-10-19T13:49:56 IST" name="setupData" finished-at="2023-10-19T13:49:56 IST" duration-ms="181" status="PASS">
          <reporter-output>
          </reporter-output>
        </test-method> <!-- setupData -->
        <test-method signature="testPostUser()[pri:1, instance:api.test.UserTest2@4ac3c60d]" started-at="2023-10-19T13:49:56 IST" name="testPostUser" finished-at="2023-10-19T13:49:59 IST" duration-ms="3275" status="PASS">
          <reporter-output>
          </reporter-output>
        </test-method> <!-- testPostUser -->
        <test-method signature="testGetUser()[pri:2, instance:api.test.UserTest2@4ac3c60d]" started-at="2023-10-19T13:49:59 IST" name="testGetUser" finished-at="2023-10-19T13:50:01 IST" duration-ms="1303" status="PASS">
          <reporter-output>
          </reporter-output>
        </test-method> <!-- testGetUser -->
        <test-method signature="testUpdateUser()[pri:3, instance:api.test.UserTest2@4ac3c60d]" started-at="2023-10-19T13:50:01 IST" name="testUpdateUser" finished-at="2023-10-19T13:50:02 IST" duration-ms="1296" status="PASS">
          <reporter-output>
          </reporter-output>
        </test-method> <!-- testUpdateUser -->
        <test-method signature="testDaleteUser()[pri:4, instance:api.test.UserTest2@4ac3c60d]" started-at="2023-10-19T13:50:02 IST" name="testDaleteUser" finished-at="2023-10-19T13:50:03 IST" duration-ms="1341" status="PASS">
          <reporter-output>
          </reporter-output>
        </test-method> <!-- testDaleteUser -->
      </class> <!-- api.test.UserTest2 -->
    </test> <!-- Test -->
  </suite> <!-- Suite -->
</testng-results>
