<?xml version="1.0" encoding="UTF-8"?>
<testsuite xmlns:xsi="http://www.w3.org/2001/XMLSchema-instance" xsi:noNamespaceSchemaLocation="https://maven.apache.org/surefire/maven-surefire-plugin/xsd/surefire-test-report-3.0.xsd" version="3.0" name="TestSuite" time="8.307" tests="4" errors="0" skipped="0" failures="0">
  <properties>
[...]
</properties>
  <testcase name="testPostUser" classname="api.test.UserTest2" time="3.309">
    <system-out><![CDATA[java.io.FileReader@34332b8d---------src/test/resources/routes.properties
https://petstore.swagger.io/v2/user------api.payload.User@7cca01a8
HTTP/1.1 200 OK
Date: Thu, 19 Oct 2023 08:19:58 GMT
Content-Type: application/json
Transfer-Encoding: chunked
Connection: keep-alive
Access-Control-Allow-Origin: *
Access-Control-Allow-Methods: GET, POST, DELETE, PUT
Access-Control-Allow-Headers: Content-Type, api_key, Authorization
Server: Jetty(9.2.9.v20150224)

{
    "code": 200,
    "type": "unknown",
    "message": "1871612052"
}
]]></system-out>
  </testcase>
  <testcase name="testGetUser" classname="api.test.UserTest2" time="1.279">
    <system-out><![CDATA[java.io.FileReader@213ceb4e---------src/test/resources/routes.properties
HTTP/1.1 200 OK
Date: Thu, 19 Oct 2023 08:20:00 GMT
Content-Type: application/json
Transfer-Encoding: chunked
Connection: keep-alive
Access-Control-Allow-Origin: *
Access-Control-Allow-Methods: GET, POST, DELETE, PUT
Access-Control-Allow-Headers: Content-Type, api_key, Authorization
Server: Jetty(9.2.9.v20150224)

{
    "id": 1871612052,
    "username": "nieves.glover",
    "email": "victor.schamberger@gmail.com",
    "password": "42a85apa",
    "phone": "(611) 574-5073",
    "userStatus": 0
}
]]></system-out>
  </testcase>
  <testcase name="testUpdateUser" classname="api.test.UserTest2" time="1.296">
    <system-out><![CDATA[java.io.FileReader@47d9c01---------src/test/resources/routes.properties
HTTP/1.1 200 OK
Date: Thu, 19 Oct 2023 08:20:01 GMT
Content-Type: application/json
Transfer-Encoding: chunked
Connection: keep-alive
Access-Control-Allow-Origin: *
Access-Control-Allow-Methods: GET, POST, DELETE, PUT
Access-Control-Allow-Headers: Content-Type, api_key, Authorization
Server: Jetty(9.2.9.v20150224)

{
    "code": 200,
    "type": "unknown",
    "message": "1871612052"
}
]]></system-out>
  </testcase>
  <testcase name="testDaleteUser" classname="api.test.UserTest2" time="1.342">
    <system-out><![CDATA[java.io.FileReader@72c704f1---------src/test/resources/routes.properties
HTTP/1.1 200 OK
Date: Thu, 19 Oct 2023 08:20:03 GMT
Content-Type: application/json
Transfer-Encoding: chunked
Connection: keep-alive
Access-Control-Allow-Origin: *
Access-Control-Allow-Methods: GET, POST, DELETE, PUT
Access-Control-Allow-Headers: Content-Type, api_key, Authorization
Server: Jetty(9.2.9.v20150224)

{
    "code": 200,
    "type": "unknown",
    "message": "nieves.glover"
}
]]></system-out>
  </testcase>
</testsuite>