<?xml version="1.0" encoding="UTF-8"?>
<testng-results ignored="0" total="4" passed="4" failed="0" skipped="0">
  <reporter-output>
  </reporter-output>
  <suite started-at="2023-10-18T13:17:36 IST" name="Suite" finished-at="2023-10-18T13:17:43 IST" duration-ms="7395">
    <groups>
    </groups>
    <test started-at="2023-10-18T13:17:36 IST" name="Test" finished-at="2023-10-18T13:17:43 IST" duration-ms="7395">
      <class name="api.test.UserTest2">
        <test-method is-config="true" signature="setupData()[pri:0, instance:api.test.UserTest2@4145bad8]" started-at="2023-10-18T13:17:36 IST" name="setupData" finished-at="2023-10-18T13:17:36 IST" duration-ms="155" status="PASS">
          <reporter-output>
          </reporter-output>
        </test-method> <!-- setupData -->
        <test-method signature="testPostUser()[pri:1, instance:api.test.UserTest2@4145bad8]" started-at="2023-10-18T13:17:36 IST" name="testPostUser" finished-at="2023-10-18T13:17:39 IST" duration-ms="2939" status="PASS">
          <reporter-output>
          </reporter-output>
        </test-method> <!-- testPostUser -->
        <test-method signature="testGetUser()[pri:2, instance:api.test.UserTest2@4145bad8]" started-at="2023-10-18T13:17:39 IST" name="testGetUser" finished-at="2023-10-18T13:17:40 IST" duration-ms="1395" status="PASS">
          <reporter-output>
          </reporter-output>
        </test-method> <!-- testGetUser -->
        <test-method signature="testUpdateUser()[pri:3, instance:api.test.UserTest2@4145bad8]" started-at="2023-10-18T13:17:40 IST" name="testUpdateUser" finished-at="2023-10-18T13:17:42 IST" duration-ms="1361" status="PASS">
          <reporter-output>
          </reporter-output>
        </test-method> <!-- testUpdateUser -->
        <test-method signature="testDaleteUser()[pri:4, instance:api.test.UserTest2@4145bad8]" started-at="2023-10-18T13:17:42 IST" name="testDaleteUser" finished-at="2023-10-18T13:17:43 IST" duration-ms="1300" status="PASS">
          <reporter-output>
          </reporter-output>
        </test-method> <!-- testDaleteUser -->
      </class> <!-- api.test.UserTest2 -->
    </test> <!-- Test -->
  </suite> <!-- Suite -->
</testng-results>
